Vivado Simulator 2018.2
Copyright 1986-1999, 2001-2018 Xilinx, Inc. All Rights Reserved.
Running: C:/Xilinx/Vivado/2018.2/bin/unwrapped/win64.o/xelab.exe -wto 05fbf698ac2a4216a598898f98fb0d1f --incr --debug typical --relax --mt 2 --maxdelay -L xil_defaultlib -L simprims_ver -L secureip --snapshot tb_tic_tac_toe_time_synth -transport_int_delays -pulse_r 0 -pulse_int_r 0 -pulse_e 0 -pulse_int_e 0 xil_defaultlib.tb_tic_tac_toe xil_defaultlib.glbl -log elaborate.log 
Using 2 slave threads.
Starting static elaboration
Completed static elaboration
Starting simulation data flow analysis
Completed simulation data flow analysis
INFO: [XSIM 43-3451] SDF backannotation process started with SDF file "tb_tic_tac_toe_time_synth.sdf", for root module "tb_tic_tac_toe/uut".
INFO: [XSIM 43-3452] SDF backannotation was successful for SDF file "tb_tic_tac_toe_time_synth.sdf", for root module "tb_tic_tac_toe/uut".
Time Resolution for simulation is 1ps
Compiling module simprims_ver.BUFG
Compiling module simprims_ver.IBUF
Compiling module simprims_ver.OBUF
Compiling module simprims_ver.LUT6
Compiling module simprims_ver.x_lut2_mux4
Compiling module simprims_ver.LUT2
Compiling module simprims_ver.x_lut3_mux8
Compiling module simprims_ver.LUT3
Compiling module simprims_ver.LUT4
Compiling module simprims_ver.FDCE_default
Compiling module simprims_ver.LUT5
Compiling module xil_defaultlib.position_registers
Compiling module xil_defaultlib.fsm_controller
Compiling module xil_defaultlib.tic_tac_toe_game
Compiling module xil_defaultlib.tb_tic_tac_toe
Compiling module xil_defaultlib.glbl
Built simulation snapshot tb_tic_tac_toe_time_synth
